app/build/outputs/logs/manifest-merger-debug-report.txt
-- Merging decision tree log ---
manifest
ADDED from src/main/AndroidManifest.xml:1:1-42:12
	xmlns:android
		ADDED from src/main/AndroidManifest.xml:1:11-69
	package
		ADDED from src/main/AndroidManifest.xml:2:5-40
		INJECTED from src/main/AndroidManifest.xml
		INJECTED from src/main/AndroidManifest.xml
	android:versionName
		ADDED from src/main/AndroidManifest.xml:4:5-30
	android:versionCode
		ADDED from src/main/AndroidManifest.xml:3:5-28
		INJECTED from src/main/AndroidManifest.xml
		INJECTED from src/main/AndroidManifest.xml
uses-sdk
ADDED from src/main/AndroidManifest.xml:6:5-8:41
MERGED from [com.android.support:support-v4:22.2.1] AndroidManifest.xml:20:5-43
MERGED from [com.android.support:appcompat-v7:22.2.1] AndroidManifest.xml:20:5-43
MERGED from [com.android.support:support-v4:22.2.1] AndroidManifest.xml:20:5-43
	android:targetSdkVersion
		ADDED from src/main/AndroidManifest.xml:8:9-38
		INJECTED from src/main/AndroidManifest.xml
		INJECTED from src/main/AndroidManifest.xml
	android:minSdkVersion
		ADDED from src/main/AndroidManifest.xml:7:9-35
		INJECTED from src/main/AndroidManifest.xml
		INJECTED from src/main/AndroidManifest.xml
uses-feature#android.hardware.usb.host
ADDED from src/main/AndroidManifest.xml:10:5-62
	android:name
		ADDED from src/main/AndroidManifest.xml:10:19-59
application
ADDED from src/main/AndroidManifest.xml:12:5-41:23
MERGED from [com.android.support:support-v4:22.2.1] AndroidManifest.xml:22:5-20
MERGED from [com.android.support:appcompat-v7:22.2.1] AndroidManifest.xml:22:5-20
MERGED from [com.android.support:support-v4:22.2.1] AndroidManifest.xml:22:5-20
	android:label
		ADDED from src/main/AndroidManifest.xml:14:9-62
	android:icon
		ADDED from src/main/AndroidManifest.xml:13:9-38
	android:theme
		ADDED from src/main/AndroidManifest.xml:15:9-49
activity#net.signagewidgets.serial.activities.AttachActivity
ADDED from src/main/AndroidManifest.xml:17:9-29:20
	android:noHistory
		ADDED from src/main/AndroidManifest.xml:19:13-37
	android:stateNotNeeded
		ADDED from src/main/AndroidManifest.xml:20:13-42
	android:excludeFromRecents
		ADDED from src/main/AndroidManifest.xml:21:13-46
	android:name
		ADDED from src/main/AndroidManifest.xml:18:13-79
intent-filter#android.hardware.usb.action.USB_DEVICE_ATTACHED
ADDED from src/main/AndroidManifest.xml:22:13-24:29
action#android.hardware.usb.action.USB_DEVICE_ATTACHED
ADDED from src/main/AndroidManifest.xml:23:17-90
	android:name
		ADDED from src/main/AndroidManifest.xml:23:25-87
meta-data#android.hardware.usb.action.USB_DEVICE_ATTACHED
ADDED from src/main/AndroidManifest.xml:26:13-28:45
	android:resource
		ADDED from src/main/AndroidManifest.xml:28:5-42
	android:name
		ADDED from src/main/AndroidManifest.xml:27:5-67
service#net.signagewidgets.serial.services.SerialService
ADDED from src/main/AndroidManifest.xml:31:9-34:19
	android:exported
		ADDED from src/main/AndroidManifest.xml:33:13-36
	android:name
		ADDED from src/main/AndroidManifest.xml:32:13-76
receiver#net.signagewidgets.serial.broadcast.DettachReceiver
ADDED from src/main/AndroidManifest.xml:36:9-40:14
	android:name
		ADDED from src/main/AndroidManifest.xml:36:19-85
intent-filter#android.hardware.usb.action.USB_DEVICE_DETACHED
ADDED from src/main/AndroidManifest.xml:37:4-39:29
action#android.hardware.usb.action.USB_DEVICE_DETACHED
ADDED from src/main/AndroidManifest.xml:38:17-90
	android:name
		ADDED from src/main/AndroidManifest.xml:38:25-87